<?xml version="1.0" encoding="UTF-8"?>
<!-- Generated by org.testng.reporters.JUnitReportReporter -->
<testsuite hostname="LAPTOP-3L4M3MP4" failures="0" tests="3" name="test.AddPlace" time="8.116" errors="0" timestamp="2024-05-11T13:58:40 IST" skipped="0">
  <testcase classname="test.AddPlace" name="creategoogleplace" time="4.873"/>
  <testcase classname="test.AddPlace" name="updateaddress" time="1.345"/>
  <testcase classname="test.AddPlace" name="getgoogleplacedata" time="1.898"/>
</testsuite> <!-- test.AddPlace -->
